<?xml version="1.0" encoding="UTF-8"?>
<Site BuildName="Linux-clang++-16"
	BuildStamp="20231020-1540-Experimental"
	Name="machenike-S16C"
	Generator="ctest-3.27.5"
	CompilerName="/usr/bin/clang++-16"
	CompilerVersion="16.0.6"
	OSName="Linux"
	Hostname="machenike-S16C"
	OSRelease="6.2.0-34-generic"
	OSVersion="#34~22.04.1-Ubuntu SMP PREEMPT_DYNAMIC Thu Sep  7 13:12:03 UTC 2"
	OSPlatform="x86_64"
	Is64Bits="1"
	VendorString="GenuineIntel"
	VendorID="Intel Corporation"
	FamilyID="6"
	ModelID="154"
	ProcessorCacheSize="24576"
	NumberOfLogicalCPU="20"
	NumberOfPhysicalCPU="14"
	TotalVirtualMemory="2047"
	TotalPhysicalMemory="31790"
	LogicalProcessorsPerPhysical="1"
	ProcessorClockFrequency="510.977"
	>
	<Testing>
		<StartDateTime>Oct 20 18:40 MSK</StartDateTime>
		<StartTestTime>1697816454</StartTestTime>
		<TestList/>
		<EndDateTime>Oct 20 18:40 MSK</EndDateTime>
		<EndTestTime>1697816454</EndTestTime>
		<ElapsedMinutes>0</ElapsedMinutes>
	</Testing>
</Site>
