<?xml version="1.0" encoding="UTF-8"?>
<Site BuildName="(empty)"
	BuildStamp="20231020-1546-Experimental"
	Name="(empty)"
	Generator="ctest-3.27.5"
	CompilerName=""
	CompilerVersion=""
	OSName="Linux"
	Hostname="machenike-S16C"
	OSRelease="6.2.0-34-generic"
	OSVersion="#34~22.04.1-Ubuntu SMP PREEMPT_DYNAMIC Thu Sep  7 13:12:03 UTC 2"
	OSPlatform="x86_64"
	Is64Bits="1"
	VendorString="GenuineIntel"
	VendorID="Intel Corporation"
	FamilyID="6"
	ModelID="154"
	ProcessorCacheSize="24576"
	NumberOfLogicalCPU="20"
	NumberOfPhysicalCPU="14"
	TotalVirtualMemory="2047"
	TotalPhysicalMemory="31790"
	LogicalProcessorsPerPhysical="1"
	ProcessorClockFrequency="4250.98"
	>
	<Testing>
		<StartDateTime>Oct 20 23:28 MSK</StartDateTime>
		<StartTestTime>1697833680</StartTestTime>
		<TestList/>
		<EndDateTime>Oct 20 23:28 MSK</EndDateTime>
		<EndTestTime>1697833680</EndTestTime>
		<ElapsedMinutes>0</ElapsedMinutes>
	</Testing>
</Site>
